INFO:root:Start: Instruction Memory Tests
INFO:cocotb.regression:Found test test_instruction_memory.inst_when_read_enable
INFO:cocotb.regression:Found test test_instruction_memory.inst_when_read_disable
INFO:cocotb.regression:Found test test_instruction_memory.inst_when_read_enable_toggles
INFO:cocotb.regression:[34mrunning[49m[39m inst_when_read_enable (1/3)
INFO:root:Test Scenario: How does module behave when read is always enabled
INFO:root:Setting up clock
INFO:root:Printing instruction model
INFO:root:['11010001', '11111111', '10001111', '10010101', '10001000', '10011101', '00011110', '01110010', '00011111', '11011010', '10010101', '00010001', '10110000', '00110010', '11111001', '11110011']
INFO:root:read_enable is set HIGH: 1
INFO:root:dut.inst_array: ['11110011', '11111001', '00110010', '10110000', '00010001', '10010101', '11011010', '00011111', '01110010', '00011110', '10011101', '10001000', '10010101', '10001111', '11111111', '11010001']
INFO:root:Starting comparison
DEBUG:root:0
DEBUG:root:read_address: 00000000000000000000000000000000
DEBUG:root:dut.instruction.value: xxxxxxxxxxxxxxxxxxxxxxxxxxxxxxxx
DEBUG:root:instruction_model: 10010101100011111111111111010001
DEBUG:root:1
DEBUG:root:read_address: 00000000000000000000000000000100
DEBUG:root:dut.instruction.value: 10010101100011111111111111010001
DEBUG:root:instruction_model: 01110010000111101001110110001000
DEBUG:root:2
DEBUG:root:read_address: 00000000000000000000000000001000
DEBUG:root:dut.instruction.value: 01110010000111101001110110001000
DEBUG:root:instruction_model: 00010001100101011101101000011111
DEBUG:root:3
DEBUG:root:read_address: 00000000000000000000000000001100
DEBUG:root:dut.instruction.value: 00010001100101011101101000011111
DEBUG:root:instruction_model: 11110011111110010011001010110000
INFO:root:Completed test scenario
INFO:cocotb.regression:inst_when_read_enable [32mpassed[49m[39m
INFO:cocotb.regression:[34mrunning[49m[39m inst_when_read_disable (2/3)
INFO:root:Test Scenario: How does module behave when read is disabled
INFO:root:Printing instruction model
INFO:root:['01110110', '11100111', '11010111', '10000001', '11100000', '11111000', '00101100', '11010010', '10101010', '10111001', '01001010', '00001010', '00011011', '01001101', '01111011', '00001010']
INFO:root:Starting comparison
INFO:root:Completed test scenario
INFO:cocotb.regression:inst_when_read_disable [32mpassed[49m[39m
INFO:cocotb.regression:[34mrunning[49m[39m inst_when_read_enable_toggles (3/3)
INFO:root:Test Scenario: How does module behave when we toggle read_enable
INFO:root:Setting up clock
INFO:root:Printing instruction model
INFO:root:['00111010', '01101111', '00101011', '00110011', '11100110', '00011001', '01110100', '10101111', '11011001', '10110110', '00000111', '00000110', '00110100', '10000101', '01111010', '01001011']
INFO:root:dut.read_enable.value: 0
DEBUG:root:dut.instruction_value: zzzzzzzzzzzzzzzzzzzzzzzzzzzzzzzz
DEBUG:root:dut.instruction_value: zzzzzzzzzzzzzzzzzzzzzzzzzzzzzzzz
INFO:root:dut.read_enable.value: 1
INFO:cocotb.regression:inst_when_read_enable_toggles [32mpassed[49m[39m
INFO:cocotb.regression:***************************************************************************************************************
** TEST                                                   STATUS  SIM TIME (ns)  REAL TIME (s)  RATIO (ns/s) **
***************************************************************************************************************
** test_instruction_memory.inst_when_read_enable          [32m PASS [49m[39m          9.00           0.05        178.99  **
** test_instruction_memory.inst_when_read_disable         [32m PASS [49m[39m          6.00           0.00       1326.76  **
** test_instruction_memory.inst_when_read_enable_toggles  [32m PASS [49m[39m         12.00           0.00      20174.69  **
***************************************************************************************************************
** TESTS=3 PASS=3 FAIL=0 SKIP=0                                          27.00           0.28         97.56  **
***************************************************************************************************************

