INFO:root:Start: Program Counter Tests
INFO:root:End: Program Counter Tests
INFO:cocotb.regression:Found test test_program_counter.pc_read
INFO:cocotb.regression:[34mrunning[49m[39m pc_read (1/1)
INFO:root:Test Scenario: How does module behave when clock is on
INFO:root:Setting up clock
INFO:root:Starting check
DEBUG:root:dut.pc.value: 00000000000000000000000000000000
DEBUG:root:dut.pc_out.value: 00000000000000000000000000000100
DEBUG:root:dut.pc.value: 00000000000000000000000000000001
DEBUG:root:dut.pc_out.value: 00000000000000000000000000000101
DEBUG:root:dut.pc.value: 00000000000000000000000000000010
DEBUG:root:dut.pc_out.value: 00000000000000000000000000000110
DEBUG:root:dut.pc.value: 00000000000000000000000000000011
DEBUG:root:dut.pc_out.value: 00000000000000000000000000000111
INFO:root:Test scenario complete
INFO:cocotb.regression:pc_read [32mpassed[49m[39m
INFO:cocotb.regression:**************************************************************************************
** TEST                          STATUS  SIM TIME (ns)  REAL TIME (s)  RATIO (ns/s) **
**************************************************************************************
** test_program_counter.pc_read  [32m PASS [49m[39m          7.00           0.00       9817.56  **
**************************************************************************************
** TESTS=1 PASS=1 FAIL=0 SKIP=0                  7.00           0.06        125.30  **
**************************************************************************************

