INFO:root:Start: Register File Tests
INFO:root:End: Register File Tests
INFO:cocotb.regression:Found test test_register_file.reg_file_read
INFO:cocotb.regression:Found test test_register_file.reg_file_write
INFO:cocotb.regression:[34mrunning[49m[39m reg_file_read (1/2)
INFO:root:Test Scenario: Does read operation work?
INFO:root:Setting up clock
INFO:root:register_file_model: [2959814796, 4012580303, 1725641921, 2225482933, 1660166859, 1910660038, 2936151881, 3378508532, 2091456174, 3102383907, 2441913384, 4249803323, 3590085609, 3437926592, 1883587284, 1447617113, 340794616, 908273228, 3681621886, 3034520054, 3519766749, 2065771487, 446620282, 2616016860, 2863611126, 1127977635, 897960777, 1555626220, 3681591383, 646972634, 79102757, 601666489]
INFO:root:Starting checks
INFO:root:Completed test scenario
INFO:cocotb.regression:reg_file_read [32mpassed[49m[39m
INFO:cocotb.regression:[34mrunning[49m[39m reg_file_write (2/2)
INFO:root:Test Scenario: Do write operations work?
INFO:root:Setting up clock
INFO:root:Starting checks
INFO:root:Test scenario complete
INFO:cocotb.regression:reg_file_write [32mpassed[49m[39m
INFO:cocotb.regression:*******************************************************************************************
** TEST                               STATUS  SIM TIME (ns)  REAL TIME (s)  RATIO (ns/s) **
*******************************************************************************************
** test_register_file.reg_file_read   [32m PASS [49m[39m         16.00           0.00      12679.59  **
** test_register_file.reg_file_write  [32m PASS [49m[39m         64.00           0.00      28911.11  **
*******************************************************************************************
** TESTS=2 PASS=2 FAIL=0 SKIP=0                      80.00           0.00      17483.08  **
*******************************************************************************************

